[2025-07-25T04:14:39.698+0000] {local_task_job_runner.py:123} INFO - ::group::Pre task execution logs
[2025-07-25T04:14:39.758+0000] {taskinstance.py:2614} INFO - Dependencies all met for dep_context=non-requeueable deps ti=<TaskInstance: fraud_detection_training.execute_training manual__2025-07-25T04:14:31.500123+00:00 [queued]>
[2025-07-25T04:14:39.773+0000] {taskinstance.py:2614} INFO - Dependencies all met for dep_context=requeueable deps ti=<TaskInstance: fraud_detection_training.execute_training manual__2025-07-25T04:14:31.500123+00:00 [queued]>
[2025-07-25T04:14:39.774+0000] {taskinstance.py:2867} INFO - Starting attempt 1 of 1
[2025-07-25T04:14:39.796+0000] {taskinstance.py:2890} INFO - Executing <Task(PythonOperator): execute_training> on 2025-07-25 04:14:31.500123+00:00
[2025-07-25T04:14:39.809+0000] {standard_task_runner.py:104} INFO - Running: ['***', 'tasks', 'run', 'fraud_detection_training', 'execute_training', 'manual__2025-07-25T04:14:31.500123+00:00', '--job-id', '16', '--raw', '--subdir', 'DAGS_FOLDER/fraud_detection_training_dag.py', '--cfg-path', '/tmp/tmpjr59zmr3']
[2025-07-25T04:14:39.814+0000] {standard_task_runner.py:105} INFO - Job 16: Subtask execute_training
[2025-07-25T04:14:39.807+0000] {warnings.py:112} WARNING - /home/***/.local/lib/python3.12/site-packages/***/task/task_runner/standard_task_runner.py:70: DeprecationWarning: This process (pid=1912) is multi-threaded, use of fork() may lead to deadlocks in the child.
  pid = os.fork()

[2025-07-25T04:14:39.815+0000] {standard_task_runner.py:72} INFO - Started process 1913 to run task
[2025-07-25T04:14:39.900+0000] {task_command.py:467} INFO - Running <TaskInstance: fraud_detection_training.execute_training manual__2025-07-25T04:14:31.500123+00:00 [running]> on host 828611a854fa
[2025-07-25T04:14:40.063+0000] {taskinstance.py:3134} INFO - Exporting env vars: AIRFLOW_CTX_DAG_OWNER='kanewyp' AIRFLOW_CTX_DAG_ID='fraud_detection_training' AIRFLOW_CTX_TASK_ID='execute_training' AIRFLOW_CTX_EXECUTION_DATE='2025-07-25T04:14:31.500123+00:00' AIRFLOW_CTX_TRY_NUMBER='1' AIRFLOW_CTX_DAG_RUN_ID='manual__2025-07-25T04:14:31.500123+00:00'
[2025-07-25T04:14:40.065+0000] {taskinstance.py:732} INFO - ::endgroup::
[2025-07-25T04:14:46.601+0000] {fraud_detection_training_dag.py:22} INFO - Initializing Fraud Detection Training
[2025-07-25T04:14:46.608+0000] {fraud_detection_training.py:46} INFO - Configuration loaded successfully
[2025-07-25T04:14:47.375+0000] {fraud_detection_training.py:71} INFO - Connected to MinIO. Available buckets: mlflow
[2025-07-25T04:14:50.828+0000] {logging_mixin.py:190} WARNING - 2025/07/25 04:14:50 INFO mlflow.tracking.fluent: Experiment with name 'fraud_detection' does not exist. Creating a new experiment.
[2025-07-25T04:14:50.876+0000] {python.py:240} INFO - Done. Returned value was: {'status': 'success'}
[2025-07-25T04:14:50.910+0000] {taskinstance.py:341} INFO - ::group::Post task execution logs
[2025-07-25T04:14:50.910+0000] {taskinstance.py:353} INFO - Marking task as SUCCESS. dag_id=fraud_detection_training, task_id=execute_training, run_id=manual__2025-07-25T04:14:31.500123+00:00, execution_date=20250725T041431, start_date=20250725T041439, end_date=20250725T041450
[2025-07-25T04:14:50.994+0000] {local_task_job_runner.py:266} INFO - Task exited with return code 0
[2025-07-25T04:14:51.043+0000] {taskinstance.py:3901} INFO - 1 downstream tasks scheduled from follow-on schedule check
[2025-07-25T04:14:51.048+0000] {local_task_job_runner.py:245} INFO - ::endgroup::
