[2025-07-28T01:50:51.833+0000] {local_task_job_runner.py:123} INFO - ::group::Pre task execution logs
[2025-07-28T01:50:51.870+0000] {taskinstance.py:2614} INFO - Dependencies all met for dep_context=non-requeueable deps ti=<TaskInstance: fraud_detection_training.cleanup scheduled__2025-07-27T00:18:00+00:00 [queued]>
[2025-07-28T01:50:51.881+0000] {taskinstance.py:2614} INFO - Dependencies all met for dep_context=requeueable deps ti=<TaskInstance: fraud_detection_training.cleanup scheduled__2025-07-27T00:18:00+00:00 [queued]>
[2025-07-28T01:50:51.882+0000] {taskinstance.py:2867} INFO - Starting attempt 1 of 1
[2025-07-28T01:50:51.903+0000] {taskinstance.py:2890} INFO - Executing <Task(BashOperator): cleanup> on 2025-07-27 00:18:00+00:00
[2025-07-28T01:50:51.920+0000] {warnings.py:112} WARNING - /home/***/.local/lib/python3.12/site-packages/***/task/task_runner/standard_task_runner.py:70: DeprecationWarning: This process (pid=1463) is multi-threaded, use of fork() may lead to deadlocks in the child.
  pid = os.fork()

[2025-07-28T01:50:51.922+0000] {standard_task_runner.py:72} INFO - Started process 1465 to run task
[2025-07-28T01:50:51.925+0000] {standard_task_runner.py:104} INFO - Running: ['***', 'tasks', 'run', 'fraud_detection_training', 'cleanup', 'scheduled__2025-07-27T00:18:00+00:00', '--job-id', '85', '--raw', '--subdir', 'DAGS_FOLDER/fraud_detection_training_dag.py', '--cfg-path', '/tmp/tmpy_ajfy5o']
[2025-07-28T01:50:51.928+0000] {standard_task_runner.py:105} INFO - Job 85: Subtask cleanup
[2025-07-28T01:50:52.040+0000] {task_command.py:467} INFO - Running <TaskInstance: fraud_detection_training.cleanup scheduled__2025-07-27T00:18:00+00:00 [running]> on host c0f7bf91f6c3
[2025-07-28T01:50:52.387+0000] {taskinstance.py:3134} INFO - Exporting env vars: AIRFLOW_CTX_DAG_OWNER='kanewyp' AIRFLOW_CTX_DAG_ID='fraud_detection_training' AIRFLOW_CTX_TASK_ID='cleanup' AIRFLOW_CTX_EXECUTION_DATE='2025-07-27T00:18:00+00:00' AIRFLOW_CTX_TRY_NUMBER='1' AIRFLOW_CTX_DAG_RUN_ID='scheduled__2025-07-27T00:18:00+00:00'
[2025-07-28T01:50:52.389+0000] {taskinstance.py:732} INFO - ::endgroup::
[2025-07-28T01:50:52.461+0000] {subprocess.py:78} INFO - Tmp dir root location: /tmp
[2025-07-28T01:50:52.464+0000] {subprocess.py:88} INFO - Running command: ['/usr/bin/bash', '-c', '\n        echo "Cleaning up resources..."\n        rm -f /app/tmp/*.pkl\n        echo "Cleanup completed."\n        ']
[2025-07-28T01:50:52.497+0000] {subprocess.py:99} INFO - Output:
[2025-07-28T01:50:52.515+0000] {subprocess.py:106} INFO - Cleaning up resources...
[2025-07-28T01:50:52.520+0000] {subprocess.py:106} INFO - Cleanup completed.
[2025-07-28T01:50:52.521+0000] {subprocess.py:110} INFO - Command exited with return code 0
[2025-07-28T01:50:52.613+0000] {taskinstance.py:341} INFO - ::group::Post task execution logs
[2025-07-28T01:50:52.614+0000] {taskinstance.py:353} INFO - Marking task as SUCCESS. dag_id=fraud_detection_training, task_id=cleanup, run_id=scheduled__2025-07-27T00:18:00+00:00, execution_date=20250727T001800, start_date=20250728T015051, end_date=20250728T015052
[2025-07-28T01:50:52.828+0000] {local_task_job_runner.py:266} INFO - Task exited with return code 0
[2025-07-28T01:50:52.884+0000] {taskinstance.py:3901} INFO - 0 downstream tasks scheduled from follow-on schedule check
[2025-07-28T01:50:52.888+0000] {local_task_job_runner.py:245} INFO - ::endgroup::
[2025-07-28T12:31:05.124+0000] {local_task_job_runner.py:123} INFO - ::group::Pre task execution logs
[2025-07-28T12:31:05.144+0000] {taskinstance.py:2614} INFO - Dependencies all met for dep_context=non-requeueable deps ti=<TaskInstance: fraud_detection_training.cleanup scheduled__2025-07-27T00:18:00+00:00 [queued]>
[2025-07-28T12:31:05.152+0000] {taskinstance.py:2614} INFO - Dependencies all met for dep_context=requeueable deps ti=<TaskInstance: fraud_detection_training.cleanup scheduled__2025-07-27T00:18:00+00:00 [queued]>
[2025-07-28T12:31:05.152+0000] {taskinstance.py:2867} INFO - Starting attempt 1 of 1
[2025-07-28T12:31:05.162+0000] {taskinstance.py:2890} INFO - Executing <Task(BashOperator): cleanup> on 2025-07-27 00:18:00+00:00
[2025-07-28T12:31:05.167+0000] {warnings.py:112} WARNING - /home/***/.local/lib/python3.12/site-packages/***/task/task_runner/standard_task_runner.py:70: DeprecationWarning: This process (pid=178) is multi-threaded, use of fork() may lead to deadlocks in the child.
  pid = os.fork()

[2025-07-28T12:31:05.168+0000] {standard_task_runner.py:72} INFO - Started process 179 to run task
[2025-07-28T12:31:05.168+0000] {standard_task_runner.py:104} INFO - Running: ['***', 'tasks', 'run', 'fraud_detection_training', 'cleanup', 'scheduled__2025-07-27T00:18:00+00:00', '--job-id', '7', '--raw', '--subdir', 'DAGS_FOLDER/fraud_detection_training_dag.py', '--cfg-path', '/tmp/tmp7xjlyg88']
[2025-07-28T12:31:05.169+0000] {standard_task_runner.py:105} INFO - Job 7: Subtask cleanup
[2025-07-28T12:31:05.206+0000] {task_command.py:467} INFO - Running <TaskInstance: fraud_detection_training.cleanup scheduled__2025-07-27T00:18:00+00:00 [running]> on host 6cdba6b3ca97
[2025-07-28T12:31:05.271+0000] {taskinstance.py:3134} INFO - Exporting env vars: AIRFLOW_CTX_DAG_OWNER='kanewyp' AIRFLOW_CTX_DAG_ID='fraud_detection_training' AIRFLOW_CTX_TASK_ID='cleanup' AIRFLOW_CTX_EXECUTION_DATE='2025-07-27T00:18:00+00:00' AIRFLOW_CTX_TRY_NUMBER='1' AIRFLOW_CTX_DAG_RUN_ID='scheduled__2025-07-27T00:18:00+00:00'
[2025-07-28T12:31:05.272+0000] {taskinstance.py:732} INFO - ::endgroup::
[2025-07-28T12:31:05.289+0000] {subprocess.py:78} INFO - Tmp dir root location: /tmp
[2025-07-28T12:31:05.290+0000] {subprocess.py:88} INFO - Running command: ['/usr/bin/bash', '-c', '\n        echo "Cleaning up resources..."\n        rm -f /app/tmp/*.pkl\n        echo "Cleanup completed."\n        ']
[2025-07-28T12:31:05.298+0000] {subprocess.py:99} INFO - Output:
[2025-07-28T12:31:05.301+0000] {subprocess.py:106} INFO - Cleaning up resources...
[2025-07-28T12:31:05.307+0000] {subprocess.py:106} INFO - Cleanup completed.
[2025-07-28T12:31:05.307+0000] {subprocess.py:110} INFO - Command exited with return code 0
[2025-07-28T12:31:05.326+0000] {taskinstance.py:341} INFO - ::group::Post task execution logs
[2025-07-28T12:31:05.327+0000] {taskinstance.py:353} INFO - Marking task as SUCCESS. dag_id=fraud_detection_training, task_id=cleanup, run_id=scheduled__2025-07-27T00:18:00+00:00, execution_date=20250727T001800, start_date=20250728T123105, end_date=20250728T123105
[2025-07-28T12:31:05.383+0000] {local_task_job_runner.py:266} INFO - Task exited with return code 0
[2025-07-28T12:31:05.398+0000] {taskinstance.py:3901} INFO - 0 downstream tasks scheduled from follow-on schedule check
[2025-07-28T12:31:05.400+0000] {local_task_job_runner.py:245} INFO - ::endgroup::
